<?xml version="1.0" encoding="UTF-8"?>
<testsuite name="org.schooldinners.domain.MenuRotationTest" tests="4" skipped="0" failures="0" errors="0" timestamp="2025-10-27T10:50:15" hostname="STREAMER" time="0.072">
  <properties/>
  <testcase name="returns null when monday is not registered" classname="org.schooldinners.domain.MenuRotationTest" time="0.065"/>
  <testcase name="returns null for weekend without menu" classname="org.schooldinners.domain.MenuRotationTest" time="0.001"/>
  <testcase name="returns week two friday menu" classname="org.schooldinners.domain.MenuRotationTest" time="0.003"/>
  <testcase name="returns week one monday menu" classname="org.schooldinners.domain.MenuRotationTest" time="0.001"/>
  <system-out><![CDATA[]]></system-out>
  <system-err><![CDATA[]]></system-err>
</testsuite>
